
> poa@1.0.0 start
> concurrently "npm run frontend" "npm run backend"

[0] 
[0] > poa@1.0.0 frontend
[0] > cd frontend && npm start
[0] 
[1] 
[1] > poa@1.0.0 backend
[1] > cd backend && npm start
[1] 
[0] 
[0] > frontend@0.1.0 start
[0] > react-scripts start
[0] 
[1] 
[1] > backend@1.0.0 start
[1] > nodemon index
[1] 
[1] [33m[nodemon] 3.1.3[39m
[1] [33m[nodemon] to restart at any time, enter `rs`[39m
[1] [33m[nodemon] watching path(s): *.*[39m
[1] [33m[nodemon] watching extensions: js,mjs,cjs,json[39m
[1] [32m[nodemon] starting `node index.js`[39m
[1] Connected to MongoDB
[1] Server running on port 5000
[0] (node:15954) [DEP_WEBPACK_DEV_SERVER_ON_AFTER_SETUP_MIDDLEWARE] DeprecationWarning: 'onAfterSetupMiddleware' option is deprecated. Please use the 'setupMiddlewares' option.
[0] (Use `node --trace-deprecation ...` to show where the warning was created)
[0] (node:15954) [DEP_WEBPACK_DEV_SERVER_ON_BEFORE_SETUP_MIDDLEWARE] DeprecationWarning: 'onBeforeSetupMiddleware' option is deprecated. Please use the 'setupMiddlewares' option.
[0] Starting the development server...
[0] 
[0] Compiled successfully!
[0] 
[0] You can now view frontend in the browser.
[0] 
[0]   Local:            http://localhost:3000
[0]   On Your Network:  http://172.31.20.120:3000
[0] 
[0] Note that the development build is not optimized.
[0] To create a production build, use npm run build.
[0] 
[0] webpack compiled successfully
[0] Compiling...
[0] [0;33mOne of your dependencies, babel-preset-react-app, is importing the
[0] "@babel/plugin-proposal-private-property-in-object" package without
[0] declaring it in its dependencies. This is currently working because
[0] "@babel/plugin-proposal-private-property-in-object" is already in your
[0] node_modules folder for unrelated reasons, but it [1mmay break at any time[0;33m.
[0] 
[0] babel-preset-react-app is part of the create-react-app project, [1mwhich
[0] is not maintianed anymore[0;33m. It is thus unlikely that this bug will
[0] ever be fixed. Add "@babel/plugin-proposal-private-property-in-object" to
[0] your devDependencies to work around this error. This will make this message
[0] go away.[0m
[0]   
[0] Compiled successfully!
[0] webpack compiled successfully
[1] [32m[nodemon] restarting child process[39m
[1] npm run backend exited with code SIGTERM
[0] npm run frontend exited with code SIGTERM

> poa@1.0.0 start
> concurrently "npm run frontend" "npm run backend"

[1] 
[1] > poa@1.0.0 backend
[1] > cd backend && npm start
[1] 
[0] 
[0] > poa@1.0.0 frontend
[0] > cd frontend && npm start
[0] 
[0] 
[0] > frontend@0.1.0 start
[0] > react-scripts start
[0] 
[1] 
[1] > backend@1.0.0 start
[1] > nodemon index
[1] 
[1] [33m[nodemon] 3.1.3[39m
[1] [33m[nodemon] to restart at any time, enter `rs`[39m
[1] [33m[nodemon] watching path(s): *.*[39m
[1] [33m[nodemon] watching extensions: js,mjs,cjs,json[39m
[1] [32m[nodemon] starting `node index.js`[39m
[1] node:internal/modules/cjs/loader:1148
[1]   throw err;
[1]   ^
[1] 
[1] Error: Cannot find module 'multer'
[1] Require stack:
[1] - /Purchase-Order-Automation/backend/index.js
[1]     at Module._resolveFilename (node:internal/modules/cjs/loader:1145:15)
[1]     at Module._load (node:internal/modules/cjs/loader:986:27)
[1]     at Module.require (node:internal/modules/cjs/loader:1233:19)
[1]     at require (node:internal/modules/helpers:179:18)
[1]     at Object.<anonymous> (/Purchase-Order-Automation/backend/index.js:6:16)
[1]     at Module._compile (node:internal/modules/cjs/loader:1358:14)
[1]     at Module._extensions..js (node:internal/modules/cjs/loader:1416:10)
[1]     at Module.load (node:internal/modules/cjs/loader:1208:32)
[1]     at Module._load (node:internal/modules/cjs/loader:1024:12)
[1]     at Function.executeUserEntryPoint [as runMain] (node:internal/modules/run_main:174:12) {
[1]   code: 'MODULE_NOT_FOUND',
[1]   requireStack: [ '/Purchase-Order-Automation/backend/index.js' ]
[1] }
[1] 
[1] Node.js v20.15.1
[1] [31m[nodemon] app crashed - waiting for file changes before starting...[39m
[0] (node:1824) [DEP_WEBPACK_DEV_SERVER_ON_AFTER_SETUP_MIDDLEWARE] DeprecationWarning: 'onAfterSetupMiddleware' option is deprecated. Please use the 'setupMiddlewares' option.
[0] (Use `node --trace-deprecation ...` to show where the warning was created)
[0] (node:1824) [DEP_WEBPACK_DEV_SERVER_ON_BEFORE_SETUP_MIDDLEWARE] DeprecationWarning: 'onBeforeSetupMiddleware' option is deprecated. Please use the 'setupMiddlewares' option.
[0] Starting the development server...
[0] 
[0] [0;33mOne of your dependencies, babel-preset-react-app, is importing the
[0] "@babel/plugin-proposal-private-property-in-object" package without
[0] declaring it in its dependencies. This is currently working because
[0] "@babel/plugin-proposal-private-property-in-object" is already in your
[0] node_modules folder for unrelated reasons, but it [1mmay break at any time[0;33m.
[0] 
[0] babel-preset-react-app is part of the create-react-app project, [1mwhich
[0] is not maintianed anymore[0;33m. It is thus unlikely that this bug will
[0] ever be fixed. Add "@babel/plugin-proposal-private-property-in-object" to
[0] your devDependencies to work around this error. This will make this message
[0] go away.[0m
[0]   
[0] Failed to compile.
[0] 
[0] Module not found: Error: Can't resolve '@react-pdf/renderer' in '/Purchase-Order-Automation/frontend/src/components'
[0] WARNING in [eslint] 
[0] src/components/ProjectOrderPdf.js
[0]   Line 136:5:  Duplicate key 'fontWeight'  no-dupe-keys
[0] 
[0] src/components/form.js
[0]   Line 52:10:  'state' is assigned a value but never used                                                                               no-unused-vars
[0]   Line 52:17:  'setState' is assigned a value but never used                                                                            no-unused-vars
[0]   Line 53:10:  'shippingPhoneNumber' is assigned a value but never used                                                                 no-unused-vars
[0]   Line 53:31:  'setShippingPhoneNumber' is assigned a value but never used                                                              no-unused-vars
[0]   Line 389:6:  React Hook useEffect has a missing dependency: 'items'. Either include it or remove the dependency array                 react-hooks/exhaustive-deps
[0]   Line 393:6:  React Hook useEffect has a missing dependency: 'calculateTotalAmount'. Either include it or remove the dependency array  react-hooks/exhaustive-deps
[0] 
[0] ERROR in ./src/components/ProjectOrderPdf.js 5:0-90
[0] Module not found: Error: Can't resolve '@react-pdf/renderer' in '/Purchase-Order-Automation/frontend/src/components'
[0] 
[0] ERROR in ./src/components/ProjectOrderPdf.js 8:0-42
[0] Module not found: Error: Can't resolve 'number-to-words' in '/Purchase-Order-Automation/frontend/src/components'
[0] 
[0] ERROR in ./src/components/form.js 9:0-48
[0] Module not found: Error: Can't resolve '@react-pdf/renderer' in '/Purchase-Order-Automation/frontend/src/components'
[0] 
[0] webpack compiled with 3 errors and 1 warning
[0] Compiling...
[0] Failed to compile.
[0] 
[0] Module not found: Error: Can't resolve '@react-pdf/renderer' in '/Purchase-Order-Automation/frontend/src/components'
[0] WARNING in [eslint] 
[0] src/components/ProjectOrderPdf.js
[0]   Line 136:5:  Duplicate key 'fontWeight'  no-dupe-keys
[0] 
[0] src/components/form.js
[0]   Line 52:10:  'state' is assigned a value but never used                                                                               no-unused-vars
[0]   Line 52:17:  'setState' is assigned a value but never used                                                                            no-unused-vars
[0]   Line 53:10:  'shippingPhoneNumber' is assigned a value but never used                                                                 no-unused-vars
[0]   Line 53:31:  'setShippingPhoneNumber' is assigned a value but never used                                                              no-unused-vars
[0]   Line 389:6:  React Hook useEffect has a missing dependency: 'items'. Either include it or remove the dependency array                 react-hooks/exhaustive-deps
[0]   Line 393:6:  React Hook useEffect has a missing dependency: 'calculateTotalAmount'. Either include it or remove the dependency array  react-hooks/exhaustive-deps
[0] 
[0] ERROR in ./src/components/ProjectOrderPdf.js 5:0-90
[0] Module not found: Error: Can't resolve '@react-pdf/renderer' in '/Purchase-Order-Automation/frontend/src/components'
[0] 
[0] ERROR in ./src/components/ProjectOrderPdf.js 8:0-42
[0] Module not found: Error: Can't resolve 'number-to-words' in '/Purchase-Order-Automation/frontend/src/components'
[0] 
[0] ERROR in ./src/components/form.js 9:0-48
[0] Module not found: Error: Can't resolve '@react-pdf/renderer' in '/Purchase-Order-Automation/frontend/src/components'
[0] 
[0] webpack compiled with 3 errors and 1 warning
[0] Compiling...
[0] Failed to compile.
[0] 
[0] Module not found: Error: Can't resolve 'number-to-words' in '/Purchase-Order-Automation/frontend/src/components'
[0] WARNING in ../node_modules/@react-pdf/renderer/lib/react-pdf.browser.js
[0] Module Warning (from ./node_modules/source-map-loader/dist/cjs.js):
[0] Failed to parse source map from 'react-pdf.browser.js.map': SyntaxError: Unterminated string in JSON at position 67320
[0] 
[0] WARNING in [eslint] 
[0] src/components/ProjectOrderPdf.js
[0]   Line 136:5:  Duplicate key 'fontWeight'  no-dupe-keys
[0] 
[0] src/components/form.js
[0]   Line 52:10:  'state' is assigned a value but never used                                                                               no-unused-vars
[0]   Line 52:17:  'setState' is assigned a value but never used                                                                            no-unused-vars
[0]   Line 53:10:  'shippingPhoneNumber' is assigned a value but never used                                                                 no-unused-vars
[0]   Line 53:31:  'setShippingPhoneNumber' is assigned a value but never used                                                              no-unused-vars
[0]   Line 389:6:  React Hook useEffect has a missing dependency: 'items'. Either include it or remove the dependency array                 react-hooks/exhaustive-deps
[0]   Line 393:6:  React Hook useEffect has a missing dependency: 'calculateTotalAmount'. Either include it or remove the dependency array  react-hooks/exhaustive-deps
[0] 
[0] ERROR in ./src/components/ProjectOrderPdf.js 8:0-42
[0] Module not found: Error: Can't resolve 'number-to-words' in '/Purchase-Order-Automation/frontend/src/components'
[0] 
[0] webpack compiled with 1 error and 2 warnings
[0] Compiling...
[0] Failed to compile.
[0] 
[0] Module not found: Error: Can't resolve 'number-to-words' in '/Purchase-Order-Automation/frontend/src/components'
[0] WARNING in [eslint] 
[0] src/components/ProjectOrderPdf.js
[0]   Line 136:5:  Duplicate key 'fontWeight'  no-dupe-keys
[0] 
[0] src/components/form.js
[0]   Line 52:10:  'state' is assigned a value but never used                                                                               no-unused-vars
[0]   Line 52:17:  'setState' is assigned a value but never used                                                                            no-unused-vars
[0]   Line 53:10:  'shippingPhoneNumber' is assigned a value but never used                                                                 no-unused-vars
[0]   Line 53:31:  'setShippingPhoneNumber' is assigned a value but never used                                                              no-unused-vars
[0]   Line 389:6:  React Hook useEffect has a missing dependency: 'items'. Either include it or remove the dependency array                 react-hooks/exhaustive-deps
[0]   Line 393:6:  React Hook useEffect has a missing dependency: 'calculateTotalAmount'. Either include it or remove the dependency array  react-hooks/exhaustive-deps
[0] 
[0] ERROR in ./src/components/ProjectOrderPdf.js 8:0-42
[0] Module not found: Error: Can't resolve 'number-to-words' in '/Purchase-Order-Automation/frontend/src/components'
[0] 
[0] webpack compiled with 1 error and 1 warning
[0] Compiling...
[0] Failed to compile.
[0] 
[0] Module not found: Error: Can't resolve 'number-to-words' in '/Purchase-Order-Automation/frontend/src/components'
[0] WARNING in [eslint] 
[0] src/components/ProjectOrderPdf.js
[0]   Line 136:5:  Duplicate key 'fontWeight'  no-dupe-keys
[0] 
[0] src/components/form.js
[0]   Line 52:10:  'state' is assigned a value but never used                                                                               no-unused-vars
[0]   Line 52:17:  'setState' is assigned a value but never used                                                                            no-unused-vars
[0]   Line 53:10:  'shippingPhoneNumber' is assigned a value but never used                                                                 no-unused-vars
[0]   Line 53:31:  'setShippingPhoneNumber' is assigned a value but never used                                                              no-unused-vars
[0]   Line 389:6:  React Hook useEffect has a missing dependency: 'items'. Either include it or remove the dependency array                 react-hooks/exhaustive-deps
[0]   Line 393:6:  React Hook useEffect has a missing dependency: 'calculateTotalAmount'. Either include it or remove the dependency array  react-hooks/exhaustive-deps
[0] 
[0] ERROR in ./src/components/ProjectOrderPdf.js 8:0-42
[0] Module not found: Error: Can't resolve 'number-to-words' in '/Purchase-Order-Automation/frontend/src/components'
[0] 
[0] webpack compiled with 1 error and 1 warning
[0] Compiling...
[0] Compiled with warnings.
[0] 
[0] [eslint] 
[0] src/components/ProjectOrderPdf.js
[0]   Line 136:5:  Duplicate key 'fontWeight'  no-dupe-keys
[0] 
[0] src/components/form.js
[0]   Line 52:10:  'state' is assigned a value but never used                                                                               no-unused-vars
[0]   Line 52:17:  'setState' is assigned a value but never used                                                                            no-unused-vars
[0]   Line 53:10:  'shippingPhoneNumber' is assigned a value but never used                                                                 no-unused-vars
[0]   Line 53:31:  'setShippingPhoneNumber' is assigned a value but never used                                                              no-unused-vars
[0]   Line 389:6:  React Hook useEffect has a missing dependency: 'items'. Either include it or remove the dependency array                 react-hooks/exhaustive-deps
[0]   Line 393:6:  React Hook useEffect has a missing dependency: 'calculateTotalAmount'. Either include it or remove the dependency array  react-hooks/exhaustive-deps
[0] 
[0] Search for the keywords to learn more about each warning.
[0] To ignore, add // eslint-disable-next-line to the line before.
[0] 
[0] WARNING in [eslint] 
[0] src/components/ProjectOrderPdf.js
[0]   Line 136:5:  Duplicate key 'fontWeight'  no-dupe-keys
[0] 
[0] src/components/form.js
[0]   Line 52:10:  'state' is assigned a value but never used                                                                               no-unused-vars
[0]   Line 52:17:  'setState' is assigned a value but never used                                                                            no-unused-vars
[0]   Line 53:10:  'shippingPhoneNumber' is assigned a value but never used                                                                 no-unused-vars
[0]   Line 53:31:  'setShippingPhoneNumber' is assigned a value but never used                                                              no-unused-vars
[0]   Line 389:6:  React Hook useEffect has a missing dependency: 'items'. Either include it or remove the dependency array                 react-hooks/exhaustive-deps
[0]   Line 393:6:  React Hook useEffect has a missing dependency: 'calculateTotalAmount'. Either include it or remove the dependency array  react-hooks/exhaustive-deps
[0] 
[0] webpack compiled with 1 warning
[1] [32m[nodemon] restarting due to changes...[39m
[1] [32m[nodemon] starting `node index.js`[39m
[1] MongoParseError: Password contains unescaped characters
[1]     at new ConnectionString (/Purchase-Order-Automation/backend/node_modules/mongodb-connection-string-url/lib/index.js:115:23)
[1]     at parseOptions (/Purchase-Order-Automation/backend/node_modules/mongodb/lib/connection_string.js:191:17)
[1]     at new MongoClient (/Purchase-Order-Automation/backend/node_modules/mongodb/lib/mongo_client.js:51:63)
[1]     at NativeConnection.createClient (/Purchase-Order-Automation/backend/node_modules/mongoose/lib/drivers/node-mongodb-native/connection.js:306:14)
[1]     at NativeConnection.openUri (/Purchase-Order-Automation/backend/node_modules/mongoose/lib/connection.js:822:34)
[1]     at Mongoose.connect (/Purchase-Order-Automation/backend/node_modules/mongoose/lib/mongoose.js:429:15)
[1]     at Object.<anonymous> (/Purchase-Order-Automation/backend/index.js:24:10)
[1]     at Module._compile (node:internal/modules/cjs/loader:1358:14)
[1]     at Module._extensions..js (node:internal/modules/cjs/loader:1416:10)
[1]     at Module.load (node:internal/modules/cjs/loader:1208:32)
[1] [32m[nodemon] clean exit - waiting for changes before restart[39m
[1] npm run backend exited with code SIGINT
[0] npm run frontend exited with code SIGINT

> poa@1.0.0 start
> concurrently "npm run frontend" "npm run backend"

[1] 
[1] > poa@1.0.0 backend
[1] > cd backend && npm start
[1] 
[0] 
[0] > poa@1.0.0 frontend
[0] > cd frontend && npm start
[0] 
[1] 
[1] > backend@1.0.0 start
[1] > nodemon index
[1] 
[0] 
[0] > frontend@0.1.0 start
[0] > react-scripts start
[0] 
[1] [33m[nodemon] 3.1.3[39m
[1] [33m[nodemon] to restart at any time, enter `rs`[39m
[1] [33m[nodemon] watching path(s): *.*[39m
[1] [33m[nodemon] watching extensions: js,mjs,cjs,json[39m
[1] [32m[nodemon] starting `node index.js`[39m
[1] (node:3172) [MONGODB DRIVER] Warning: useNewUrlParser is a deprecated option: useNewUrlParser has no effect since Node.js Driver version 4.0.0 and will be removed in the next major version
[1] (Use `node --trace-warnings ...` to show where the warning was created)
[1] (node:3172) [MONGODB DRIVER] Warning: useUnifiedTopology is a deprecated option: useUnifiedTopology has no effect since Node.js Driver version 4.0.0 and will be removed in the next major version
[1] Connected to MongoDB
[1] Server running on port 5000
[0] (node:3159) [DEP_WEBPACK_DEV_SERVER_ON_AFTER_SETUP_MIDDLEWARE] DeprecationWarning: 'onAfterSetupMiddleware' option is deprecated. Please use the 'setupMiddlewares' option.
[0] (Use `node --trace-deprecation ...` to show where the warning was created)
[0] (node:3159) [DEP_WEBPACK_DEV_SERVER_ON_BEFORE_SETUP_MIDDLEWARE] DeprecationWarning: 'onBeforeSetupMiddleware' option is deprecated. Please use the 'setupMiddlewares' option.
[0] Starting the development server...
[0] 
[0] Compiled successfully!
[0] 
[0] You can now view frontend in the browser.
[0] 
[0]   Local:            http://localhost:3000
[0]   On Your Network:  http://172.31.20.120:3000
[0] 
[0] Note that the development build is not optimized.
[0] To create a production build, use npm run build.
[0] 
[0] webpack compiled successfully
[1] Error: ENOENT: no such file or directory, open 'public/assets/1722593761955-IMG-20240615-WA0002.jpg'
[1] Error: ENOENT: no such file or directory, open 'public/assets/1722593827659-IMG-20240615-WA0002.jpg'
[1] Error: ENOENT: no such file or directory, open 'public/assets/1722593875496-IMG-20240615-WA0002.jpg'
[1] Error: ENOENT: no such file or directory, open 'public/assets/1722593907101-IMG-20240615-WA0002.jpg'
[1] Error: ENOENT: no such file or directory, open 'public/assets/1722593908146-IMG-20240615-WA0002.jpg'
[1] npm run backend exited with code SIGINT
[0] npm run frontend exited with code SIGINT
